Connecting to database specified by database.yml


Started GET "/" for 38.88.149.154 at 2014-02-24 22:31:43 +0000
Processing by Devise::SessionsController#new as HTML
  Rendered devise/shared/_links.html.erb (1.5ms)
  Rendered devise/sessions/new.html.erb within layouts/application (110.6ms)
Completed 200 OK in 253ms (Views: 172.7ms | ActiveRecord: 8.9ms)


Started GET "/" for 38.88.149.154 at 2014-02-24 22:31:51 +0000
Processing by Devise::SessionsController#new as HTML
  Rendered devise/shared/_links.html.erb (0.3ms)
  Rendered devise/sessions/new.html.erb within layouts/application (8.6ms)
Completed 200 OK in 14ms (Views: 13.3ms | ActiveRecord: 0.0ms)


Started GET "/users/sign_up?plan=default" for 38.88.149.154 at 2014-02-24 22:31:55 +0000
Processing by RegistrationsController#new as HTML
  Parameters: {"plan"=>"default"}
  [1m[36m (0.1ms)[0m  [1mbegin transaction[0m
  [1m[35mSQL (106.6ms)[0m  INSERT INTO "accounts" ("created_at", "name", "updated_at") VALUES (?, ?, ?)  [["created_at", Mon, 24 Feb 2014 22:31:55 UTC +00:00], ["name", nil], ["updated_at", Mon, 24 Feb 2014 22:31:55 UTC +00:00]]
  [1m[36m (45.7ms)[0m  [1mcommit transaction[0m
  [1m[35mRole Load (0.3ms)[0m  SELECT "roles".* FROM "roles" WHERE "roles"."name" = 'default' AND "roles"."resource_type" IS NULL AND "roles"."resource_id" IS NULL LIMIT 1
  [1m[36mRole Exists (0.2ms)[0m  [1mSELECT 1 AS one FROM "roles" INNER JOIN "users_roles" ON "roles"."id" = "users_roles"."role_id" WHERE "users_roles"."user_id" IS NULL AND "roles"."id" = 8 LIMIT 1[0m
  [1m[35m (0.1ms)[0m  SELECT "roles".id FROM "roles" INNER JOIN "users_roles" ON "roles"."id" = "users_roles"."role_id" WHERE "users_roles"."user_id" IS NULL
  [1m[36mRole Load (0.2ms)[0m  [1mSELECT "roles".* FROM "roles" WHERE "roles"."id" = ? LIMIT 1[0m  [["id", 8]]
  Rendered devise/registrations/new.html.erb within layouts/application (0.8ms)
Completed 200 OK in 453ms (Views: 9.7ms | ActiveRecord: 154.2ms)


Started GET "/users/" for 38.88.149.154 at 2014-02-24 22:32:14 +0000
Processing by UsersController#index as HTML
Completed 401 Unauthorized in 1ms


Started GET "/users/sign_in" for 38.88.149.154 at 2014-02-24 22:32:14 +0000
Processing by Devise::SessionsController#new as HTML
  Rendered devise/shared/_links.html.erb (0.3ms)
  Rendered devise/sessions/new.html.erb within layouts/application (8.6ms)
Completed 200 OK in 14ms (Views: 13.5ms | ActiveRecord: 0.0ms)


Started GET "/" for 38.88.149.154 at 2014-02-24 22:32:16 +0000
Processing by Devise::SessionsController#new as HTML
  Rendered devise/shared/_links.html.erb (0.2ms)
  Rendered devise/sessions/new.html.erb within layouts/application (7.9ms)
Completed 200 OK in 13ms (Views: 12.5ms | ActiveRecord: 0.0ms)


Started GET "/" for 38.88.149.154 at 2014-02-24 22:33:24 +0000
Processing by Devise::SessionsController#new as HTML
  Rendered devise/shared/_links.html.erb (0.2ms)
  Rendered devise/sessions/new.html.erb within layouts/application (8.1ms)
  Rendered layouts/_navigation.html.erb (2.0ms)
  Rendered layouts/_messages.html.erb (0.5ms)
Completed 200 OK in 1613ms (Views: 1612.5ms | ActiveRecord: 0.0ms)


Started GET "/" for 38.88.149.154 at 2014-02-24 22:33:40 +0000
Processing by Devise::SessionsController#new as HTML
  Rendered devise/shared/_links.html.erb (0.3ms)
  Rendered devise/sessions/new.html.erb within layouts/application (8.9ms)
  Rendered layouts/_navigation.html.erb (0.8ms)
  Rendered layouts/_messages.html.erb (0.1ms)
Completed 200 OK in 182ms (Views: 181.2ms | ActiveRecord: 0.0ms)


Started GET "/" for 38.88.149.154 at 2014-02-24 22:35:03 +0000
Processing by Devise::SessionsController#new as HTML
  Rendered devise/shared/_links.html.erb (0.5ms)
  Rendered devise/sessions/new.html.erb within layouts/application (59.8ms)
  Rendered layouts/_navigation.html.erb (0.8ms)
  Rendered layouts/_messages.html.erb (0.1ms)
Completed 200 OK in 189ms (Views: 188.6ms | ActiveRecord: 0.0ms)


Started GET "/users/sign_up?plan=default" for 38.88.149.154 at 2014-02-24 22:35:23 +0000
Processing by RegistrationsController#new as HTML
  Parameters: {"plan"=>"default"}
  [1m[35m (0.1ms)[0m  begin transaction
  [1m[36mSQL (0.5ms)[0m  [1mINSERT INTO "accounts" ("created_at", "name", "updated_at") VALUES (?, ?, ?)[0m  [["created_at", Mon, 24 Feb 2014 22:35:23 UTC +00:00], ["name", nil], ["updated_at", Mon, 24 Feb 2014 22:35:23 UTC +00:00]]
  [1m[35m (49.1ms)[0m  commit transaction
  [1m[36mRole Load (0.3ms)[0m  [1mSELECT "roles".* FROM "roles" WHERE "roles"."name" = 'default' AND "roles"."resource_type" IS NULL AND "roles"."resource_id" IS NULL LIMIT 1[0m
  [1m[35mRole Exists (0.2ms)[0m  SELECT 1 AS one FROM "roles" INNER JOIN "users_roles" ON "roles"."id" = "users_roles"."role_id" WHERE "users_roles"."user_id" IS NULL AND "roles"."id" = 8 LIMIT 1
  [1m[36m (0.1ms)[0m  [1mSELECT "roles".id FROM "roles" INNER JOIN "users_roles" ON "roles"."id" = "users_roles"."role_id" WHERE "users_roles"."user_id" IS NULL[0m
  [1m[35mRole Load (0.1ms)[0m  SELECT "roles".* FROM "roles" WHERE "roles"."id" = ? LIMIT 1  [["id", 8]]
  Rendered devise/registrations/new.html.erb within layouts/application (108.6ms)
  Rendered layouts/_navigation.html.erb (1.0ms)
  Rendered layouts/_messages.html.erb (0.1ms)
Completed 200 OK in 305ms (Views: 246.1ms | ActiveRecord: 50.4ms)


Started GET "/users/sign_up?plan=default" for 38.88.149.154 at 2014-02-24 22:43:07 +0000
Processing by RegistrationsController#new as HTML
  Parameters: {"plan"=>"default"}
  [1m[36m (0.1ms)[0m  [1mbegin transaction[0m
  [1m[35mSQL (0.5ms)[0m  INSERT INTO "accounts" ("created_at", "name", "updated_at") VALUES (?, ?, ?)  [["created_at", Mon, 24 Feb 2014 22:43:07 UTC +00:00], ["name", nil], ["updated_at", Mon, 24 Feb 2014 22:43:07 UTC +00:00]]
  [1m[36m (52.4ms)[0m  [1mcommit transaction[0m
  [1m[35mRole Load (0.3ms)[0m  SELECT "roles".* FROM "roles" WHERE "roles"."name" = 'default' AND "roles"."resource_type" IS NULL AND "roles"."resource_id" IS NULL LIMIT 1
  [1m[36mRole Exists (0.2ms)[0m  [1mSELECT 1 AS one FROM "roles" INNER JOIN "users_roles" ON "roles"."id" = "users_roles"."role_id" WHERE "users_roles"."user_id" IS NULL AND "roles"."id" = 8 LIMIT 1[0m
  [1m[35m (0.2ms)[0m  SELECT "roles".id FROM "roles" INNER JOIN "users_roles" ON "roles"."id" = "users_roles"."role_id" WHERE "users_roles"."user_id" IS NULL
  [1m[36mRole Load (0.1ms)[0m  [1mSELECT "roles".* FROM "roles" WHERE "roles"."id" = ? LIMIT 1[0m  [["id", 8]]
  Rendered devise/registrations/new.html.erb within layouts/application (17.4ms)
  Rendered layouts/_navigation.html.erb (1.0ms)
  Rendered layouts/_messages.html.erb (0.1ms)
Completed 200 OK in 218ms (Views: 155.2ms | ActiveRecord: 53.7ms)


Started GET "/users/sign_up?plan=default" for 38.88.149.154 at 2014-02-24 22:46:39 +0000
Processing by RegistrationsController#new as HTML
  Parameters: {"plan"=>"default"}
  [1m[35m (0.1ms)[0m  begin transaction
  [1m[36mSQL (0.5ms)[0m  [1mINSERT INTO "accounts" ("created_at", "name", "updated_at") VALUES (?, ?, ?)[0m  [["created_at", Mon, 24 Feb 2014 22:46:39 UTC +00:00], ["name", nil], ["updated_at", Mon, 24 Feb 2014 22:46:39 UTC +00:00]]
  [1m[35m (56.6ms)[0m  commit transaction
  [1m[36mRole Load (0.3ms)[0m  [1mSELECT "roles".* FROM "roles" WHERE "roles"."name" = 'default' AND "roles"."resource_type" IS NULL AND "roles"."resource_id" IS NULL LIMIT 1[0m
  [1m[35mRole Exists (0.2ms)[0m  SELECT 1 AS one FROM "roles" INNER JOIN "users_roles" ON "roles"."id" = "users_roles"."role_id" WHERE "users_roles"."user_id" IS NULL AND "roles"."id" = 8 LIMIT 1
  [1m[36m (0.1ms)[0m  [1mSELECT "roles".id FROM "roles" INNER JOIN "users_roles" ON "roles"."id" = "users_roles"."role_id" WHERE "users_roles"."user_id" IS NULL[0m
  [1m[35mRole Load (0.1ms)[0m  SELECT "roles".* FROM "roles" WHERE "roles"."id" = ? LIMIT 1  [["id", 8]]
ERROR: compiling _app_views_devise_registrations_new_html_erb___1119940224800803050_49629500 RAISED /home/action/rails-stripe-membership-saas/app/views/devise/registrations/new.html.erb:63: syntax error, unexpected tIDENTIFIER, expecting ')'
...ronic.parse('tomorrow')strftime('%a %d %b %Y') );@output_buf...
...                               ^
Function body:           def _app_views_devise_registrations_new_html_erb___1119940224800803050_49629500(local_assigns, output_buffer)
            _old_virtual_path, @virtual_path = @virtual_path, "devise/registrations/new";_old_output_buffer = @output_buffer;;@output_buffer = output_buffer || ActionView::OutputBuffer.new;@output_buffer.safe_concat('<div class="well span11">
  <header>
    ');@output_buffer.append= ( javascript_include_tag "password/rgb_password" );@output_buffer.safe_concat('
');@output_buffer.safe_concat('  </header>
');   content_for :head do 
@output_buffer.safe_concat('    ');@output_buffer.append= ( tag :meta, :name => "stripe-key", :content => STRIPE_PUBLIC_KEY );@output_buffer.safe_concat('
');   end 
@output_buffer.safe_concat('  <h2>Get Started With you Free Trial</h2>
  <h3>Take control of your business!</h3>
  <div id="stripe_error" class="alert alert-error" style="display:none" >
  </div>
  ');@output_buffer.append=  simple_form_for(resource, :as => resource_name, :url => registration_path(resource_name), :html => {:class => 'card_form form-vertical' }) do |f| @output_buffer.safe_concat('
');@output_buffer.safe_concat('    <div class="span4">  
');       unless params[:plan] == "default" 
@output_buffer.safe_concat('      <h3>');@output_buffer.append= ( params[:plan].titleize if params[:plan] );@output_buffer.safe_concat(' Subscription Plan</h3>
');       end 
@output_buffer.safe_concat('      ');@output_buffer.append= ( hidden_field_tag 'plan', params[:plan] );@output_buffer.safe_concat('
');@output_buffer.safe_concat('      ');@output_buffer.append= ( f.error_notification );@output_buffer.safe_concat('
');@output_buffer.safe_concat('      ');@output_buffer.append= ( display_base_errors resource );@output_buffer.safe_concat('
');@output_buffer.safe_concat('      ');@output_buffer.append= ( f.input :name, :autofocus => true );@output_buffer.safe_concat(' 
');@output_buffer.safe_concat('      ');@output_buffer.append=  f.simple_fields_for :account_attributes, resource.account do |account_form| @output_buffer.safe_concat('
');@output_buffer.safe_concat('        <div>
          ');@output_buffer.append= ( account_form.input :name, label: "Company Name" );@output_buffer.safe_concat('
');@output_buffer.safe_concat('        </div>
');       end 
@output_buffer.safe_concat('      ');@output_buffer.append= ( f.input :email, :required => true );@output_buffer.safe_concat('
');@output_buffer.safe_concat('      ');@output_buffer.append= ( f.input :password, :required => true );@output_buffer.safe_concat('
');@output_buffer.safe_concat('      <div id="one"></div>
      <div id="two"></div>
      <div id="three"></div>
    
      <div style="clear:both"></div>
      &nbsp;
      ');@output_buffer.append= ( f.input :password_confirmation, :required => true );@output_buffer.safe_concat('
');@output_buffer.safe_concat('    </div>
    <div class=\'credit-card-input no-js span6\' id="skeuocard">
');     if @user.stripe_token 
@output_buffer.safe_concat('      <p>Credit card acceptance is pending.</p>
');     else 
@output_buffer.safe_concat('      <label for="cc_type">Card Type</label>
      <select name="cc_type">
        <option value="">...</option>
        <option value="visa">Visa</option>
        <option value="discover">Discover</option>
        <option value="mastercard">MasterCard</option>
        <option value="amex">American Express</option>
        <option value="dinersclubintl">Diners Club</option>
      </select>
        ');@output_buffer.append= ( label_tag :cc_number, "Card Number", label_html: { for: 'cc_type' } );@output_buffer.safe_concat('
');@output_buffer.safe_concat('        ');@output_buffer.append= ( text_field_tag :card_number, nil, name: "cc_number" );@output_buffer.safe_concat('
');@output_buffer.safe_concat('        ');@output_buffer.append= ( label_tag :cc_exp, "Expiration Date (mm/yy)" );@output_buffer.safe_concat('
');@output_buffer.safe_concat('        ');@output_buffer.append= ( text_field_tag :cc_exp, nil, name: 'cc_exp' );@output_buffer.safe_concat('
');@output_buffer.safe_concat('        ');@output_buffer.append= ( label_tag :cc_name, "Card Name" );@output_buffer.safe_concat('
');@output_buffer.safe_concat('        ');@output_buffer.append= ( text_field_tag :cc_name, nil, name: "cc_name" );@output_buffer.safe_concat('
');@output_buffer.safe_concat('        ');@output_buffer.append= ( label_tag :cc_cvc, "Card Validation Code" );@output_buffer.safe_concat('
');@output_buffer.safe_concat('        ');@output_buffer.append= ( text_field_tag :card_code, nil, name: "cc_cvc" );@output_buffer.safe_concat('
');     end 
@output_buffer.safe_concat('    </div>
    
    <div class="span5">
      ');@output_buffer.append= ( f.hidden_field :stripe_token );@output_buffer.safe_concat('
');@output_buffer.safe_concat('      <BR>&nbsp;<BR>
      <p>Amount: $10.00 per month beginning on ');@output_buffer.append= ( Chronic.parse('tomorrow')strftime('%a %d %b %Y') );@output_buffer.safe_concat(' <p>
      ');@output_buffer.append= ( f.button :submit, 'Get Started!', :class => 'btn-danger btn-large' );@output_buffer.safe_concat('
');@output_buffer.safe_concat('    </div>
');   end 
@output_buffer.safe_concat('</div>');@output_buffer.to_s
          ensure
            @virtual_path, @output_buffer = _old_virtual_path, _old_output_buffer
          end

Backtrace: /home/action/.rvm/gems/ruby-1.9.3-p448@rails-stripe-membership-saas/gems/actionpack-3.2.9/lib/action_view/template.rb:297:in `module_eval'
/home/action/.rvm/gems/ruby-1.9.3-p448@rails-stripe-membership-saas/gems/actionpack-3.2.9/lib/action_view/template.rb:297:in `compile'
/home/action/.rvm/gems/ruby-1.9.3-p448@rails-stripe-membership-saas/gems/actionpack-3.2.9/lib/action_view/template.rb:244:in `block in compile!'
<internal:prelude>:10:in `synchronize'
/home/action/.rvm/gems/ruby-1.9.3-p448@rails-stripe-membership-saas/gems/actionpack-3.2.9/lib/action_view/template.rb:232:in `compile!'
/home/action/.rvm/gems/ruby-1.9.3-p448@rails-stripe-membership-saas/gems/actionpack-3.2.9/lib/action_view/template.rb:144:in `block in render'
/home/action/.rvm/gems/ruby-1.9.3-p448@rails-stripe-membership-saas/gems/activesupport-3.2.9/lib/active_support/notifications.rb:125:in `instrument'
/home/action/.rvm/gems/ruby-1.9.3-p448@rails-stripe-membership-saas/gems/actionpack-3.2.9/lib/action_view/template.rb:143:in `render'
/home/action/.rvm/gems/ruby-1.9.3-p448@rails-stripe-membership-saas/gems/actionpack-3.2.9/lib/action_view/renderer/template_renderer.rb:47:in `block (2 levels) in render_template'
/home/action/.rvm/gems/ruby-1.9.3-p448@rails-stripe-membership-saas/gems/actionpack-3.2.9/lib/action_view/renderer/abstract_renderer.rb:38:in `block in instrument'
/home/action/.rvm/gems/ruby-1.9.3-p448@rails-stripe-membership-saas/gems/activesupport-3.2.9/lib/active_support/notifications.rb:123:in `block in instrument'
/home/action/.rvm/gems/ruby-1.9.3-p448@rails-stripe-membership-saas/gems/activesupport-3.2.9/lib/active_support/notifications/instrumenter.rb:20:in `instrument'
/home/action/.rvm/gems/ruby-1.9.3-p448@rails-stripe-membership-saas/gems/activesupport-3.2.9/lib/active_support/notifications.rb:123:in `instrument'
/home/action/.rvm/gems/ruby-1.9.3-p448@rails-stripe-membership-saas/gems/actionpack-3.2.9/lib/action_view/renderer/abstract_renderer.rb:38:in `instrument'
/home/action/.rvm/gems/ruby-1.9.3-p448@rails-stripe-membership-saas/gems/actionpack-3.2.9/lib/action_view/renderer/template_renderer.rb:46:in `block in render_template'
/home/action/.rvm/gems/ruby-1.9.3-p448@rails-stripe-membership-saas/gems/actionpack-3.2.9/lib/action_view/renderer/template_renderer.rb:54:in `render_with_layout'
/home/action/.rvm/gems/ruby-1.9.3-p448@rails-stripe-membership-saas/gems/actionpack-3.2.9/lib/action_view/renderer/template_renderer.rb:45:in `render_template'
/home/action/.rvm/gems/ruby-1.9.3-p448@rails-stripe-membership-saas/gems/actionpack-3.2.9/lib/action_view/renderer/template_renderer.rb:18:in `render'
/home/action/.rvm/gems/ruby-1.9.3-p448@rails-stripe-membership-saas/gems/actionpack-3.2.9/lib/action_view/renderer/renderer.rb:36:in `render_template'
/home/action/.rvm/gems/ruby-1.9.3-p448@rails-stripe-membership-saas/gems/actionpack-3.2.9/lib/action_view/renderer/renderer.rb:17:in `render'
/home/action/.rvm/gems/ruby-1.9.3-p448@rails-stripe-membership-saas/gems/actionpack-3.2.9/lib/abstract_controller/rendering.rb:110:in `_render_template'
/home/action/.rvm/gems/ruby-1.9.3-p448@rails-stripe-membership-saas/gems/actionpack-3.2.9/lib/action_controller/metal/streaming.rb:225:in `_render_template'
/home/action/.rvm/gems/ruby-1.9.3-p448@rails-stripe-membership-saas/gems/actionpack-3.2.9/lib/abstract_controller/rendering.rb:103:in `render_to_body'
/home/action/.rvm/gems/ruby-1.9.3-p448@rails-stripe-membership-saas/gems/actionpack-3.2.9/lib/action_controller/metal/renderers.rb:28:in `render_to_body'
/home/action/.rvm/gems/ruby-1.9.3-p448@rails-stripe-membership-saas/gems/actionpack-3.2.9/lib/action_controller/metal/compatibility.rb:50:in `render_to_body'
/home/action/.rvm/gems/ruby-1.9.3-p448@rails-stripe-membership-saas/gems/actionpack-3.2.9/lib/abstract_controller/rendering.rb:88:in `render'
/home/action/.rvm/gems/ruby-1.9.3-p448@rails-stripe-membership-saas/gems/actionpack-3.2.9/lib/action_controller/metal/rendering.rb:16:in `render'
/home/action/.rvm/gems/ruby-1.9.3-p448@rails-stripe-membership-saas/gems/actionpack-3.2.9/lib/action_controller/metal/instrumentation.rb:40:in `block (2 levels) in render'
/home/action/.rvm/gems/ruby-1.9.3-p448@rails-stripe-membership-saas/gems/activesupport-3.2.9/lib/active_support/core_ext/benchmark.rb:5:in `block in ms'
/home/action/.rvm/rubies/ruby-1.9.3-p448/lib/ruby/1.9.1/benchmark.rb:295:in `realtime'
/home/action/.rvm/gems/ruby-1.9.3-p448@rails-stripe-membership-saas/gems/activesupport-3.2.9/lib/active_support/core_ext/benchmark.rb:5:in `ms'
/home/action/.rvm/gems/ruby-1.9.3-p448@rails-stripe-membership-saas/gems/actionpack-3.2.9/lib/action_controller/metal/instrumentation.rb:40:in `block in render'
/home/action/.rvm/gems/ruby-1.9.3-p448@rails-stripe-membership-saas/gems/actionpack-3.2.9/lib/action_controller/metal/instrumentation.rb:83:in `cleanup_view_runtime'
/home/action/.rvm/gems/ruby-1.9.3-p448@rails-stripe-membership-saas/gems/activerecord-3.2.9/lib/active_record/railties/controller_runtime.rb:24:in `cleanup_view_runtime'
/home/action/.rvm/gems/ruby-1.9.3-p448@rails-stripe-membership-saas/gems/actionpack-3.2.9/lib/action_controller/metal/instrumentation.rb:39:in `render'
/home/action/.rvm/gems/ruby-1.9.3-p448@rails-stripe-membership-saas/gems/actionpack-3.2.9/lib/action_controller/metal/implicit_render.rb:10:in `default_render'
/home/action/.rvm/gems/ruby-1.9.3-p448@rails-stripe-membership-saas/gems/actionpack-3.2.9/lib/action_controller/metal/responder.rb:232:in `default_render'
/home/action/.rvm/gems/ruby-1.9.3-p448@rails-stripe-membership-saas/gems/actionpack-3.2.9/lib/action_controller/metal/responder.rb:160:in `to_html'
/home/action/.rvm/gems/ruby-1.9.3-p448@rails-stripe-membership-saas/gems/actionpack-3.2.9/lib/action_controller/metal/responder.rb:153:in `respond'
/home/action/.rvm/gems/ruby-1.9.3-p448@rails-stripe-membership-saas/gems/actionpack-3.2.9/lib/action_controller/metal/responder.rb:146:in `call'
/home/action/.rvm/gems/ruby-1.9.3-p448@rails-stripe-membership-saas/gems/actionpack-3.2.9/lib/action_controller/metal/mime_responds.rb:239:in `respond_with'
/home/action/.rvm/gems/ruby-1.9.3-p448@rails-stripe-membership-saas/gems/devise-2.2.4/app/controllers/devise/registrations_controller.rb:8:in `new'
/home/action/rails-stripe-membership-saas/app/controllers/registrations_controller.rb:26:in `new'
/home/action/.rvm/gems/ruby-1.9.3-p448@rails-stripe-membership-saas/gems/actionpack-3.2.9/lib/action_controller/metal/implicit_render.rb:4:in `send_action'
/home/action/.rvm/gems/ruby-1.9.3-p448@rails-stripe-membership-saas/gems/actionpack-3.2.9/lib/abstract_controller/base.rb:167:in `process_action'
/home/action/.rvm/gems/ruby-1.9.3-p448@rails-stripe-membership-saas/gems/actionpack-3.2.9/lib/action_controller/metal/rendering.rb:10:in `process_action'
/home/action/.rvm/gems/ruby-1.9.3-p448@rails-stripe-membership-saas/gems/actionpack-3.2.9/lib/abstract_controller/callbacks.rb:18:in `block in process_action'
/home/action/.rvm/gems/ruby-1.9.3-p448@rails-stripe-membership-saas/gems/activesupport-3.2.9/lib/active_support/callbacks.rb:469:in `_run__1551021400291378810__process_action__4053024968228236623__callbacks'
/home/action/.rvm/gems/ruby-1.9.3-p448@rails-stripe-membership-saas/gems/activesupport-3.2.9/lib/active_support/callbacks.rb:405:in `__run_callback'
/home/action/.rvm/gems/ruby-1.9.3-p448@rails-stripe-membership-saas/gems/activesupport-3.2.9/lib/active_support/callbacks.rb:385:in `_run_process_action_callbacks'
/home/action/.rvm/gems/ruby-1.9.3-p448@rails-stripe-membership-saas/gems/activesupport-3.2.9/lib/active_support/callbacks.rb:81:in `run_callbacks'
/home/action/.rvm/gems/ruby-1.9.3-p448@rails-stripe-membership-saas/gems/actionpack-3.2.9/lib/abstract_controller/callbacks.rb:17:in `process_action'
/home/action/.rvm/gems/ruby-1.9.3-p448@rails-stripe-membership-saas/gems/actionpack-3.2.9/lib/action_controller/metal/rescue.rb:29:in `process_action'
/home/action/.rvm/gems/ruby-1.9.3-p448@rails-stripe-membership-saas/gems/actionpack-3.2.9/lib/action_controller/metal/instrumentation.rb:30:in `block in process_action'
/home/action/.rvm/gems/ruby-1.9.3-p448@rails-stripe-membership-saas/gems/activesupport-3.2.9/lib/active_support/notifications.rb:123:in `block in instrument'
/home/action/.rvm/gems/ruby-1.9.3-p448@rails-stripe-membership-saas/gems/activesupport-3.2.9/lib/active_support/notifications/instrumenter.rb:20:in `instrument'
/home/action/.rvm/gems/ruby-1.9.3-p448@rails-stripe-membership-saas/gems/activesupport-3.2.9/lib/active_support/notifications.rb:123:in `instrument'
/home/action/.rvm/gems/ruby-1.9.3-p448@rails-stripe-membership-saas/gems/actionpack-3.2.9/lib/action_controller/metal/instrumentation.rb:29:in `process_action'
/home/action/.rvm/gems/ruby-1.9.3-p448@rails-stripe-membership-saas/gems/actionpack-3.2.9/lib/action_controller/metal/params_wrapper.rb:207:in `process_action'
/home/action/.rvm/gems/ruby-1.9.3-p448@rails-stripe-membership-saas/gems/activerecord-3.2.9/lib/active_record/railties/controller_runtime.rb:18:in `process_action'
/home/action/.rvm/gems/ruby-1.9.3-p448@rails-stripe-membership-saas/gems/actionpack-3.2.9/lib/abstract_controller/base.rb:121:in `process'
/home/action/.rvm/gems/ruby-1.9.3-p448@rails-stripe-membership-saas/gems/actionpack-3.2.9/lib/abstract_controller/rendering.rb:45:in `process'
/home/action/.rvm/gems/ruby-1.9.3-p448@rails-stripe-membership-saas/gems/actionpack-3.2.9/lib/action_controller/metal.rb:203:in `dispatch'
/home/action/.rvm/gems/ruby-1.9.3-p448@rails-stripe-membership-saas/gems/actionpack-3.2.9/lib/action_controller/metal/rack_delegation.rb:14:in `dispatch'
/home/action/.rvm/gems/ruby-1.9.3-p448@rails-stripe-membership-saas/gems/actionpack-3.2.9/lib/action_controller/metal.rb:246:in `block in action'
/home/action/.rvm/gems/ruby-1.9.3-p448@rails-stripe-membership-saas/gems/actionpack-3.2.9/lib/action_dispatch/routing/route_set.rb:73:in `call'
/home/action/.rvm/gems/ruby-1.9.3-p448@rails-stripe-membership-saas/gems/actionpack-3.2.9/lib/action_dispatch/routing/route_set.rb:73:in `dispatch'
/home/action/.rvm/gems/ruby-1.9.3-p448@rails-stripe-membership-saas/gems/actionpack-3.2.9/lib/action_dispatch/routing/route_set.rb:36:in `call'
/home/action/.rvm/gems/ruby-1.9.3-p448@rails-stripe-membership-saas/gems/actionpack-3.2.9/lib/action_dispatch/routing/mapper.rb:42:in `call'
/home/action/.rvm/gems/ruby-1.9.3-p448@rails-stripe-membership-saas/gems/journey-1.0.4/lib/journey/router.rb:68:in `block in call'
/home/action/.rvm/gems/ruby-1.9.3-p448@rails-stripe-membership-saas/gems/journey-1.0.4/lib/journey/router.rb:56:in `each'
/home/action/.rvm/gems/ruby-1.9.3-p448@rails-stripe-membership-saas/gems/journey-1.0.4/lib/journey/router.rb:56:in `call'
/home/action/.rvm/gems/ruby-1.9.3-p448@rails-stripe-membership-saas/gems/actionpack-3.2.9/lib/action_dispatch/routing/route_set.rb:601:in `call'
/home/action/.rvm/gems/ruby-1.9.3-p448@rails-stripe-membership-saas/gems/meta_request-0.2.7/lib/meta_request/middlewares/app_request_handler.rb:13:in `call'
/home/action/.rvm/gems/ruby-1.9.3-p448@rails-stripe-membership-saas/gems/rack-contrib-1.1.0/lib/rack/contrib/response_headers.rb:17:in `call'
/home/action/.rvm/gems/ruby-1.9.3-p448@rails-stripe-membership-saas/gems/meta_request-0.2.7/lib/meta_request/middlewares/headers.rb:16:in `call'
/home/action/.rvm/gems/ruby-1.9.3-p448@rails-stripe-membership-saas/gems/meta_request-0.2.7/lib/meta_request/middlewares/meta_request_handler.rb:13:in `call'
/home/action/.rvm/gems/ruby-1.9.3-p448@rails-stripe-membership-saas/gems/warden-1.2.1/lib/warden/manager.rb:35:in `block in call'
/home/action/.rvm/gems/ruby-1.9.3-p448@rails-stripe-membership-saas/gems/warden-1.2.1/lib/warden/manager.rb:34:in `catch'
/home/action/.rvm/gems/ruby-1.9.3-p448@rails-stripe-membership-saas/gems/warden-1.2.1/lib/warden/manager.rb:34:in `call'
/home/action/.rvm/gems/ruby-1.9.3-p448@rails-stripe-membership-saas/gems/actionpack-3.2.9/lib/action_dispatch/middleware/best_standards_support.rb:17:in `call'
/home/action/.rvm/gems/ruby-1.9.3-p448@rails-stripe-membership-saas/gems/rack-1.4.5/lib/rack/etag.rb:23:in `call'
/home/action/.rvm/gems/ruby-1.9.3-p448@rails-stripe-membership-saas/gems/rack-1.4.5/lib/rack/conditionalget.rb:25:in `call'
/home/action/.rvm/gems/ruby-1.9.3-p448@rails-stripe-membership-saas/gems/actionpack-3.2.9/lib/action_dispatch/middleware/head.rb:14:in `call'
/home/action/.rvm/gems/ruby-1.9.3-p448@rails-stripe-membership-saas/gems/actionpack-3.2.9/lib/action_dispatch/middleware/params_parser.rb:21:in `call'
/home/action/.rvm/gems/ruby-1.9.3-p448@rails-stripe-membership-saas/gems/actionpack-3.2.9/lib/action_dispatch/middleware/flash.rb:242:in `call'
/home/action/.rvm/gems/ruby-1.9.3-p448@rails-stripe-membership-saas/gems/rack-1.4.5/lib/rack/session/abstract/id.rb:210:in `context'
/home/action/.rvm/gems/ruby-1.9.3-p448@rails-stripe-membership-saas/gems/rack-1.4.5/lib/rack/session/abstract/id.rb:205:in `call'
/home/action/.rvm/gems/ruby-1.9.3-p448@rails-stripe-membership-saas/gems/actionpack-3.2.9/lib/action_dispatch/middleware/cookies.rb:341:in `call'
/home/action/.rvm/gems/ruby-1.9.3-p448@rails-stripe-membership-saas/gems/activerecord-3.2.9/lib/active_record/query_cache.rb:64:in `call'
/home/action/.rvm/gems/ruby-1.9.3-p448@rails-stripe-membership-saas/gems/activerecord-3.2.9/lib/active_record/connection_adapters/abstract/connection_pool.rb:479:in `call'
/home/action/.rvm/gems/ruby-1.9.3-p448@rails-stripe-membership-saas/gems/actionpack-3.2.9/lib/action_dispatch/middleware/callbacks.rb:28:in `block in call'
/home/action/.rvm/gems/ruby-1.9.3-p448@rails-stripe-membership-saas/gems/activesupport-3.2.9/lib/active_support/callbacks.rb:405:in `_run__1658741582285020718__call__3407945991566141407__callbacks'
/home/action/.rvm/gems/ruby-1.9.3-p448@rails-stripe-membership-saas/gems/activesupport-3.2.9/lib/active_support/callbacks.rb:405:in `__run_callback'
/home/action/.rvm/gems/ruby-1.9.3-p448@rails-stripe-membership-saas/gems/activesupport-3.2.9/lib/active_support/callbacks.rb:385:in `_run_call_callbacks'
/home/action/.rvm/gems/ruby-1.9.3-p448@rails-stripe-membership-saas/gems/activesupport-3.2.9/lib/active_support/callbacks.rb:81:in `run_callbacks'
/home/action/.rvm/gems/ruby-1.9.3-p448@rails-stripe-membership-saas/gems/actionpack-3.2.9/lib/action_dispatch/middleware/callbacks.rb:27:in `call'
/home/action/.rvm/gems/ruby-1.9.3-p448@rails-stripe-membership-saas/gems/actionpack-3.2.9/lib/action_dispatch/middleware/reloader.rb:65:in `call'
/home/action/.rvm/gems/ruby-1.9.3-p448@rails-stripe-membership-saas/gems/actionpack-3.2.9/lib/action_dispatch/middleware/remote_ip.rb:31:in `call'
/home/action/.rvm/gems/ruby-1.9.3-p448@rails-stripe-membership-saas/gems/better_errors-0.9.0/lib/better_errors/middleware.rb:58:in `call'
/home/action/.rvm/gems/ruby-1.9.3-p448@rails-stripe-membership-saas/gems/actionpack-3.2.9/lib/action_dispatch/middleware/debug_exceptions.rb:16:in `call'
/home/action/.rvm/gems/ruby-1.9.3-p448@rails-stripe-membership-saas/gems/actionpack-3.2.9/lib/action_dispatch/middleware/show_exceptions.rb:56:in `call'
/home/action/.rvm/gems/ruby-1.9.3-p448@rails-stripe-membership-saas/gems/railties-3.2.9/lib/rails/rack/logger.rb:32:in `call_app'
/home/action/.rvm/gems/ruby-1.9.3-p448@rails-stripe-membership-saas/gems/railties-3.2.9/lib/rails/rack/logger.rb:16:in `block in call'
/home/action/.rvm/gems/ruby-1.9.3-p448@rails-stripe-membership-saas/gems/activesupport-3.2.9/lib/active_support/tagged_logging.rb:22:in `tagged'
/home/action/.rvm/gems/ruby-1.9.3-p448@rails-stripe-membership-saas/gems/railties-3.2.9/lib/rails/rack/logger.rb:16:in `call'
/home/action/.rvm/gems/ruby-1.9.3-p448@rails-stripe-membership-saas/gems/quiet_assets-1.0.2/lib/quiet_assets.rb:18:in `call_with_quiet_assets'
/home/action/.rvm/gems/ruby-1.9.3-p448@rails-stripe-membership-saas/gems/actionpack-3.2.9/lib/action_dispatch/middleware/request_id.rb:22:in `call'
/home/action/.rvm/gems/ruby-1.9.3-p448@rails-stripe-membership-saas/gems/rack-1.4.5/lib/rack/methodoverride.rb:21:in `call'
/home/action/.rvm/gems/ruby-1.9.3-p448@rails-stripe-membership-saas/gems/rack-1.4.5/lib/rack/runtime.rb:17:in `call'
/home/action/.rvm/gems/ruby-1.9.3-p448@rails-stripe-membership-saas/gems/activesupport-3.2.9/lib/active_support/cache/strategy/local_cache.rb:72:in `call'
/home/action/.rvm/gems/ruby-1.9.3-p448@rails-stripe-membership-saas/gems/rack-1.4.5/lib/rack/lock.rb:15:in `call'
/home/action/.rvm/gems/ruby-1.9.3-p448@rails-stripe-membership-saas/gems/railties-3.2.9/lib/rails/engine.rb:479:in `call'
/home/action/.rvm/gems/ruby-1.9.3-p448@rails-stripe-membership-saas/gems/railties-3.2.9/lib/rails/application.rb:223:in `call'
/home/action/.rvm/gems/ruby-1.9.3-p448@rails-stripe-membership-saas/gems/rack-1.4.5/lib/rack/content_length.rb:14:in `call'
/home/action/.rvm/gems/ruby-1.9.3-p448@rails-stripe-membership-saas/gems/railties-3.2.9/lib/rails/rack/log_tailer.rb:17:in `call'
/home/action/.rvm/gems/ruby-1.9.3-p448@rails-stripe-membership-saas/gems/thin-1.5.1/lib/thin/connection.rb:81:in `block in pre_process'
/home/action/.rvm/gems/ruby-1.9.3-p448@rails-stripe-membership-saas/gems/thin-1.5.1/lib/thin/connection.rb:79:in `catch'
/home/action/.rvm/gems/ruby-1.9.3-p448@rails-stripe-membership-saas/gems/thin-1.5.1/lib/thin/connection.rb:79:in `pre_process'
/home/action/.rvm/gems/ruby-1.9.3-p448@rails-stripe-membership-saas/gems/thin-1.5.1/lib/thin/connection.rb:54:in `process'
/home/action/.rvm/gems/ruby-1.9.3-p448@rails-stripe-membership-saas/gems/thin-1.5.1/lib/thin/connection.rb:39:in `receive_data'
/home/action/.rvm/gems/ruby-1.9.3-p448@rails-stripe-membership-saas/gems/eventmachine-1.0.3/lib/eventmachine.rb:187:in `run_machine'
/home/action/.rvm/gems/ruby-1.9.3-p448@rails-stripe-membership-saas/gems/eventmachine-1.0.3/lib/eventmachine.rb:187:in `run'
/home/action/.rvm/gems/ruby-1.9.3-p448@rails-stripe-membership-saas/gems/thin-1.5.1/lib/thin/backends/base.rb:63:in `start'
/home/action/.rvm/gems/ruby-1.9.3-p448@rails-stripe-membership-saas/gems/thin-1.5.1/lib/thin/server.rb:159:in `start'
/home/action/.rvm/gems/ruby-1.9.3-p448@rails-stripe-membership-saas/gems/rack-1.4.5/lib/rack/handler/thin.rb:13:in `run'
/home/action/.rvm/gems/ruby-1.9.3-p448@rails-stripe-membership-saas/gems/rack-1.4.5/lib/rack/server.rb:268:in `start'
/home/action/.rvm/gems/ruby-1.9.3-p448@rails-stripe-membership-saas/gems/railties-3.2.9/lib/rails/commands/server.rb:70:in `start'
/home/action/.rvm/gems/ruby-1.9.3-p448@rails-stripe-membership-saas/gems/railties-3.2.9/lib/rails/commands.rb:55:in `block in <top (required)>'
/home/action/.rvm/gems/ruby-1.9.3-p448@rails-stripe-membership-saas/gems/railties-3.2.9/lib/rails/commands.rb:50:in `tap'
/home/action/.rvm/gems/ruby-1.9.3-p448@rails-stripe-membership-saas/gems/railties-3.2.9/lib/rails/commands.rb:50:in `<top (required)>'
script/rails:6:in `require'
script/rails:6:in `<main>'
  Rendered devise/registrations/new.html.erb within layouts/application (129.0ms)
Completed 500 Internal Server Error in 205ms

ActionView::Template::Error (/home/action/rails-stripe-membership-saas/app/views/devise/registrations/new.html.erb:63: syntax error, unexpected tIDENTIFIER, expecting ')'
...ronic.parse('tomorrow')strftime('%a %d %b %Y') );@output_buf...
...                               ^):
    60:     <div class="span5">
    61:       <%= f.hidden_field :stripe_token %>
    62:       <BR>&nbsp;<BR>
    63:       <p>Amount: $10.00 per month beginning on <%= Chronic.parse('tomorrow')strftime('%a %d %b %Y') %> <p>
    64:       <%= f.button :submit, 'Get Started!', :class => 'btn-danger btn-large' %>
    65:     </div>
    66:   <% end %>
  app/controllers/registrations_controller.rb:26:in `new'


  Rendered /home/action/.rvm/gems/ruby-1.9.3-p448@rails-stripe-membership-saas/gems/actionpack-3.2.9/lib/action_dispatch/middleware/templates/rescues/_trace.erb (1.6ms)
  Rendered /home/action/.rvm/gems/ruby-1.9.3-p448@rails-stripe-membership-saas/gems/actionpack-3.2.9/lib/action_dispatch/middleware/templates/rescues/_request_and_response.erb (1.3ms)
  Rendered /home/action/.rvm/gems/ruby-1.9.3-p448@rails-stripe-membership-saas/gems/actionpack-3.2.9/lib/action_dispatch/middleware/templates/rescues/template_error.erb within rescues/layout (17.0ms)


Started GET "/users/sign_up?plan=default" for 38.88.149.154 at 2014-02-24 22:47:05 +0000
Processing by RegistrationsController#new as HTML
  Parameters: {"plan"=>"default"}
  [1m[36m (0.1ms)[0m  [1mbegin transaction[0m
  [1m[35mSQL (0.5ms)[0m  INSERT INTO "accounts" ("created_at", "name", "updated_at") VALUES (?, ?, ?)  [["created_at", Mon, 24 Feb 2014 22:47:05 UTC +00:00], ["name", nil], ["updated_at", Mon, 24 Feb 2014 22:47:05 UTC +00:00]]
  [1m[36m (48.5ms)[0m  [1mcommit transaction[0m
  [1m[35mRole Load (0.3ms)[0m  SELECT "roles".* FROM "roles" WHERE "roles"."name" = 'default' AND "roles"."resource_type" IS NULL AND "roles"."resource_id" IS NULL LIMIT 1
  [1m[36mRole Exists (0.2ms)[0m  [1mSELECT 1 AS one FROM "roles" INNER JOIN "users_roles" ON "roles"."id" = "users_roles"."role_id" WHERE "users_roles"."user_id" IS NULL AND "roles"."id" = 8 LIMIT 1[0m
  [1m[35m (0.1ms)[0m  SELECT "roles".id FROM "roles" INNER JOIN "users_roles" ON "roles"."id" = "users_roles"."role_id" WHERE "users_roles"."user_id" IS NULL
  [1m[36mRole Load (0.1ms)[0m  [1mSELECT "roles".* FROM "roles" WHERE "roles"."id" = ? LIMIT 1[0m  [["id", 8]]
  Rendered devise/registrations/new.html.erb within layouts/application (16.0ms)
  Rendered layouts/_navigation.html.erb (1.0ms)
  Rendered layouts/_messages.html.erb (0.1ms)
Completed 200 OK in 211ms (Views: 152.5ms | ActiveRecord: 49.8ms)


Started GET "/users/sign_up?plan=default" for 38.88.149.154 at 2014-02-24 22:47:56 +0000
Processing by RegistrationsController#new as HTML
  Parameters: {"plan"=>"default"}
  [1m[35m (0.1ms)[0m  begin transaction
  [1m[36mSQL (0.5ms)[0m  [1mINSERT INTO "accounts" ("created_at", "name", "updated_at") VALUES (?, ?, ?)[0m  [["created_at", Mon, 24 Feb 2014 22:47:56 UTC +00:00], ["name", nil], ["updated_at", Mon, 24 Feb 2014 22:47:56 UTC +00:00]]
  [1m[35m (39.7ms)[0m  commit transaction
  [1m[36mRole Load (0.3ms)[0m  [1mSELECT "roles".* FROM "roles" WHERE "roles"."name" = 'default' AND "roles"."resource_type" IS NULL AND "roles"."resource_id" IS NULL LIMIT 1[0m
  [1m[35mRole Exists (0.2ms)[0m  SELECT 1 AS one FROM "roles" INNER JOIN "users_roles" ON "roles"."id" = "users_roles"."role_id" WHERE "users_roles"."user_id" IS NULL AND "roles"."id" = 8 LIMIT 1
  [1m[36m (0.1ms)[0m  [1mSELECT "roles".id FROM "roles" INNER JOIN "users_roles" ON "roles"."id" = "users_roles"."role_id" WHERE "users_roles"."user_id" IS NULL[0m
  [1m[35mRole Load (0.1ms)[0m  SELECT "roles".* FROM "roles" WHERE "roles"."id" = ? LIMIT 1  [["id", 8]]
  Rendered devise/registrations/new.html.erb within layouts/application (17.2ms)
  Rendered layouts/_navigation.html.erb (1.0ms)
  Rendered layouts/_messages.html.erb (0.1ms)
Completed 200 OK in 249ms (Views: 199.2ms | ActiveRecord: 41.0ms)


Started GET "/users/sign_up?plan=default" for 38.88.149.154 at 2014-02-24 22:48:09 +0000
Processing by RegistrationsController#new as HTML
  Parameters: {"plan"=>"default"}
  [1m[36m (0.1ms)[0m  [1mbegin transaction[0m
  [1m[35mSQL (0.5ms)[0m  INSERT INTO "accounts" ("created_at", "name", "updated_at") VALUES (?, ?, ?)  [["created_at", Mon, 24 Feb 2014 22:48:09 UTC +00:00], ["name", nil], ["updated_at", Mon, 24 Feb 2014 22:48:09 UTC +00:00]]
  [1m[36m (31.6ms)[0m  [1mcommit transaction[0m
  [1m[35mRole Load (0.3ms)[0m  SELECT "roles".* FROM "roles" WHERE "roles"."name" = 'default' AND "roles"."resource_type" IS NULL AND "roles"."resource_id" IS NULL LIMIT 1
  [1m[36mRole Exists (0.2ms)[0m  [1mSELECT 1 AS one FROM "roles" INNER JOIN "users_roles" ON "roles"."id" = "users_roles"."role_id" WHERE "users_roles"."user_id" IS NULL AND "roles"."id" = 8 LIMIT 1[0m
  [1m[35m (0.1ms)[0m  SELECT "roles".id FROM "roles" INNER JOIN "users_roles" ON "roles"."id" = "users_roles"."role_id" WHERE "users_roles"."user_id" IS NULL
  [1m[36mRole Load (0.1ms)[0m  [1mSELECT "roles".* FROM "roles" WHERE "roles"."id" = ? LIMIT 1[0m  [["id", 8]]
  Rendered devise/registrations/new.html.erb within layouts/application (17.5ms)
  Rendered layouts/_navigation.html.erb (0.9ms)
  Rendered layouts/_messages.html.erb (0.1ms)
Completed 200 OK in 192ms (Views: 149.6ms | ActiveRecord: 33.0ms)


Started GET "/users/sign_up?plan=default" for 38.88.149.154 at 2014-02-24 22:49:39 +0000
Processing by RegistrationsController#new as HTML
  Parameters: {"plan"=>"default"}
  [1m[35m (0.1ms)[0m  begin transaction
  [1m[36mSQL (0.5ms)[0m  [1mINSERT INTO "accounts" ("created_at", "name", "updated_at") VALUES (?, ?, ?)[0m  [["created_at", Mon, 24 Feb 2014 22:49:39 UTC +00:00], ["name", nil], ["updated_at", Mon, 24 Feb 2014 22:49:39 UTC +00:00]]
  [1m[35m (53.8ms)[0m  commit transaction
  [1m[36mRole Load (0.2ms)[0m  [1mSELECT "roles".* FROM "roles" WHERE "roles"."name" = 'default' AND "roles"."resource_type" IS NULL AND "roles"."resource_id" IS NULL LIMIT 1[0m
  [1m[35mRole Exists (0.2ms)[0m  SELECT 1 AS one FROM "roles" INNER JOIN "users_roles" ON "roles"."id" = "users_roles"."role_id" WHERE "users_roles"."user_id" IS NULL AND "roles"."id" = 8 LIMIT 1
  [1m[36m (0.1ms)[0m  [1mSELECT "roles".id FROM "roles" INNER JOIN "users_roles" ON "roles"."id" = "users_roles"."role_id" WHERE "users_roles"."user_id" IS NULL[0m
  [1m[35mRole Load (0.1ms)[0m  SELECT "roles".* FROM "roles" WHERE "roles"."id" = ? LIMIT 1  [["id", 8]]
  Rendered devise/registrations/new.html.erb within layouts/application (16.8ms)
  Rendered layouts/_navigation.html.erb (1.0ms)
  Rendered layouts/_messages.html.erb (0.1ms)
Completed 200 OK in 218ms (Views: 154.3ms | ActiveRecord: 55.1ms)


Started GET "/users/sign_up?plan=default" for 38.88.149.154 at 2014-02-24 22:50:16 +0000
Processing by RegistrationsController#new as HTML
  Parameters: {"plan"=>"default"}
  [1m[36m (0.1ms)[0m  [1mbegin transaction[0m
  [1m[35mSQL (0.5ms)[0m  INSERT INTO "accounts" ("created_at", "name", "updated_at") VALUES (?, ?, ?)  [["created_at", Mon, 24 Feb 2014 22:50:16 UTC +00:00], ["name", nil], ["updated_at", Mon, 24 Feb 2014 22:50:16 UTC +00:00]]
  [1m[36m (135.4ms)[0m  [1mcommit transaction[0m
  [1m[35mRole Load (0.3ms)[0m  SELECT "roles".* FROM "roles" WHERE "roles"."name" = 'default' AND "roles"."resource_type" IS NULL AND "roles"."resource_id" IS NULL LIMIT 1
  [1m[36mRole Exists (0.2ms)[0m  [1mSELECT 1 AS one FROM "roles" INNER JOIN "users_roles" ON "roles"."id" = "users_roles"."role_id" WHERE "users_roles"."user_id" IS NULL AND "roles"."id" = 8 LIMIT 1[0m
  [1m[35m (0.1ms)[0m  SELECT "roles".id FROM "roles" INNER JOIN "users_roles" ON "roles"."id" = "users_roles"."role_id" WHERE "users_roles"."user_id" IS NULL
  [1m[36mRole Load (0.1ms)[0m  [1mSELECT "roles".* FROM "roles" WHERE "roles"."id" = ? LIMIT 1[0m  [["id", 8]]
  Rendered devise/registrations/new.html.erb within layouts/application (64.7ms)
  Rendered layouts/_navigation.html.erb (0.9ms)
  Rendered layouts/_messages.html.erb (0.1ms)
Completed 200 OK in 334ms (Views: 188.3ms | ActiveRecord: 136.6ms)


Started GET "/users/sign_up?plan=default" for 38.88.149.154 at 2014-02-24 22:54:28 +0000
Processing by RegistrationsController#new as HTML
  Parameters: {"plan"=>"default"}
  [1m[35m (0.1ms)[0m  begin transaction
  [1m[36mSQL (0.5ms)[0m  [1mINSERT INTO "accounts" ("created_at", "name", "updated_at") VALUES (?, ?, ?)[0m  [["created_at", Mon, 24 Feb 2014 22:54:28 UTC +00:00], ["name", nil], ["updated_at", Mon, 24 Feb 2014 22:54:28 UTC +00:00]]
  [1m[35m (46.4ms)[0m  commit transaction
  [1m[36mRole Load (0.2ms)[0m  [1mSELECT "roles".* FROM "roles" WHERE "roles"."name" = 'default' AND "roles"."resource_type" IS NULL AND "roles"."resource_id" IS NULL LIMIT 1[0m
  [1m[35mRole Exists (0.2ms)[0m  SELECT 1 AS one FROM "roles" INNER JOIN "users_roles" ON "roles"."id" = "users_roles"."role_id" WHERE "users_roles"."user_id" IS NULL AND "roles"."id" = 8 LIMIT 1
  [1m[36m (0.1ms)[0m  [1mSELECT "roles".id FROM "roles" INNER JOIN "users_roles" ON "roles"."id" = "users_roles"."role_id" WHERE "users_roles"."user_id" IS NULL[0m
  [1m[35mRole Load (0.1ms)[0m  SELECT "roles".* FROM "roles" WHERE "roles"."id" = ? LIMIT 1  [["id", 8]]
  Rendered devise/registrations/new.html.erb within layouts/application (16.7ms)
  Rendered layouts/_navigation.html.erb (0.9ms)
  Rendered layouts/_messages.html.erb (0.1ms)
Completed 200 OK in 204ms (Views: 148.2ms | ActiveRecord: 47.7ms)
Connecting to database specified by database.yml


Started GET "/" for 38.88.149.154 at 2014-03-10 20:49:30 +0000
Processing by Devise::SessionsController#new as HTML
  Rendered devise/shared/_links.html.erb (1.5ms)
  Rendered devise/sessions/new.html.erb within layouts/application (176.3ms)
  Rendered layouts/_navigation.html.erb (2.2ms)
  Rendered layouts/_messages.html.erb (0.6ms)
Completed 200 OK in 2180ms (Views: 2100.7ms | ActiveRecord: 6.7ms)


Started GET "/favicon.ico" for 38.88.149.154 at 2014-03-10 20:49:37 +0000

ActionController::RoutingError (No route matches [GET] "/favicon.ico"):
  actionpack (3.2.9) lib/action_dispatch/middleware/debug_exceptions.rb:21:in `call'
  actionpack (3.2.9) lib/action_dispatch/middleware/show_exceptions.rb:56:in `call'
  railties (3.2.9) lib/rails/rack/logger.rb:32:in `call_app'
  railties (3.2.9) lib/rails/rack/logger.rb:16:in `block in call'
  activesupport (3.2.9) lib/active_support/tagged_logging.rb:22:in `tagged'
  railties (3.2.9) lib/rails/rack/logger.rb:16:in `call'
  quiet_assets (1.0.2) lib/quiet_assets.rb:18:in `call_with_quiet_assets'
  actionpack (3.2.9) lib/action_dispatch/middleware/request_id.rb:22:in `call'
  rack (1.4.5) lib/rack/methodoverride.rb:21:in `call'
  rack (1.4.5) lib/rack/runtime.rb:17:in `call'
  activesupport (3.2.9) lib/active_support/cache/strategy/local_cache.rb:72:in `call'
  rack (1.4.5) lib/rack/lock.rb:15:in `call'
  railties (3.2.9) lib/rails/engine.rb:479:in `call'
  railties (3.2.9) lib/rails/application.rb:223:in `call'
  rack (1.4.5) lib/rack/content_length.rb:14:in `call'
  railties (3.2.9) lib/rails/rack/log_tailer.rb:17:in `call'
  thin (1.5.1) lib/thin/connection.rb:81:in `block in pre_process'
  thin (1.5.1) lib/thin/connection.rb:79:in `catch'
  thin (1.5.1) lib/thin/connection.rb:79:in `pre_process'
  thin (1.5.1) lib/thin/connection.rb:54:in `process'
  thin (1.5.1) lib/thin/connection.rb:39:in `receive_data'
  eventmachine (1.0.3) lib/eventmachine.rb:187:in `run_machine'
  eventmachine (1.0.3) lib/eventmachine.rb:187:in `run'
  thin (1.5.1) lib/thin/backends/base.rb:63:in `start'
  thin (1.5.1) lib/thin/server.rb:159:in `start'
  rack (1.4.5) lib/rack/handler/thin.rb:13:in `run'
  rack (1.4.5) lib/rack/server.rb:268:in `start'
  railties (3.2.9) lib/rails/commands/server.rb:70:in `start'
  railties (3.2.9) lib/rails/commands.rb:55:in `block in <top (required)>'
  railties (3.2.9) lib/rails/commands.rb:50:in `tap'
  railties (3.2.9) lib/rails/commands.rb:50:in `<top (required)>'
  script/rails:6:in `require'
  script/rails:6:in `<main>'


  Rendered /home/action/.rvm/gems/ruby-1.9.3-p448@rails-stripe-membership-saas/gems/actionpack-3.2.9/lib/action_dispatch/middleware/templates/rescues/routing_error.erb within rescues/layout (0.7ms)


Started GET "/favicon.ico" for 38.88.149.154 at 2014-03-10 20:49:37 +0000

ActionController::RoutingError (No route matches [GET] "/favicon.ico"):
  actionpack (3.2.9) lib/action_dispatch/middleware/debug_exceptions.rb:21:in `call'
  actionpack (3.2.9) lib/action_dispatch/middleware/show_exceptions.rb:56:in `call'
  railties (3.2.9) lib/rails/rack/logger.rb:32:in `call_app'
  railties (3.2.9) lib/rails/rack/logger.rb:16:in `block in call'
  activesupport (3.2.9) lib/active_support/tagged_logging.rb:22:in `tagged'
  railties (3.2.9) lib/rails/rack/logger.rb:16:in `call'
  quiet_assets (1.0.2) lib/quiet_assets.rb:18:in `call_with_quiet_assets'
  actionpack (3.2.9) lib/action_dispatch/middleware/request_id.rb:22:in `call'
  rack (1.4.5) lib/rack/methodoverride.rb:21:in `call'
  rack (1.4.5) lib/rack/runtime.rb:17:in `call'
  activesupport (3.2.9) lib/active_support/cache/strategy/local_cache.rb:72:in `call'
  rack (1.4.5) lib/rack/lock.rb:15:in `call'
  railties (3.2.9) lib/rails/engine.rb:479:in `call'
  railties (3.2.9) lib/rails/application.rb:223:in `call'
  rack (1.4.5) lib/rack/content_length.rb:14:in `call'
  railties (3.2.9) lib/rails/rack/log_tailer.rb:17:in `call'
  thin (1.5.1) lib/thin/connection.rb:81:in `block in pre_process'
  thin (1.5.1) lib/thin/connection.rb:79:in `catch'
  thin (1.5.1) lib/thin/connection.rb:79:in `pre_process'
  thin (1.5.1) lib/thin/connection.rb:54:in `process'
  thin (1.5.1) lib/thin/connection.rb:39:in `receive_data'
  eventmachine (1.0.3) lib/eventmachine.rb:187:in `run_machine'
  eventmachine (1.0.3) lib/eventmachine.rb:187:in `run'
  thin (1.5.1) lib/thin/backends/base.rb:63:in `start'
  thin (1.5.1) lib/thin/server.rb:159:in `start'
  rack (1.4.5) lib/rack/handler/thin.rb:13:in `run'
  rack (1.4.5) lib/rack/server.rb:268:in `start'
  railties (3.2.9) lib/rails/commands/server.rb:70:in `start'
  railties (3.2.9) lib/rails/commands.rb:55:in `block in <top (required)>'
  railties (3.2.9) lib/rails/commands.rb:50:in `tap'
  railties (3.2.9) lib/rails/commands.rb:50:in `<top (required)>'
  script/rails:6:in `require'
  script/rails:6:in `<main>'


  Rendered /home/action/.rvm/gems/ruby-1.9.3-p448@rails-stripe-membership-saas/gems/actionpack-3.2.9/lib/action_dispatch/middleware/templates/rescues/routing_error.erb within rescues/layout (0.6ms)


Started GET "/users/sign_up?plan=%20default" for 38.88.149.154 at 2014-03-10 20:50:07 +0000
Processing by RegistrationsController#new as HTML
  Parameters: {"plan"=>" default"}
  [1m[36m (0.1ms)[0m  [1mbegin transaction[0m
  [1m[35mSQL (81.5ms)[0m  INSERT INTO "accounts" ("created_at", "name", "updated_at") VALUES (?, ?, ?)  [["created_at", Mon, 10 Mar 2014 20:50:07 UTC +00:00], ["name", nil], ["updated_at", Mon, 10 Mar 2014 20:50:07 UTC +00:00]]
  [1m[36m (57.5ms)[0m  [1mcommit transaction[0m
  [1m[35mRole Load (0.3ms)[0m  SELECT "roles".* FROM "roles" WHERE "roles"."name" = ' default' AND "roles"."resource_type" IS NULL AND "roles"."resource_id" IS NULL LIMIT 1
  [1m[36mRole Exists (0.2ms)[0m  [1mSELECT 1 AS one FROM "roles" INNER JOIN "users_roles" ON "roles"."id" = "users_roles"."role_id" WHERE "users_roles"."user_id" IS NULL AND "roles"."id" = 10 LIMIT 1[0m
  [1m[35m (0.2ms)[0m  SELECT "roles".id FROM "roles" INNER JOIN "users_roles" ON "roles"."id" = "users_roles"."role_id" WHERE "users_roles"."user_id" IS NULL
  [1m[36mRole Load (0.2ms)[0m  [1mSELECT "roles".* FROM "roles" WHERE "roles"."id" = ? LIMIT 1[0m  [["id", 10]]
  Rendered devise/registrations/new.html.erb within layouts/application (79.8ms)
  Rendered layouts/_navigation.html.erb (1.0ms)
  Rendered layouts/_messages.html.erb (0.1ms)
Completed 200 OK in 787ms (Views: 284.2ms | ActiveRecord: 141.2ms)


Started GET "/users/sign_up?plan=default" for 38.88.149.154 at 2014-03-10 20:50:13 +0000
Processing by RegistrationsController#new as HTML
  Parameters: {"plan"=>"default"}
  [1m[35m (0.1ms)[0m  begin transaction
  [1m[36mSQL (0.6ms)[0m  [1mINSERT INTO "accounts" ("created_at", "name", "updated_at") VALUES (?, ?, ?)[0m  [["created_at", Mon, 10 Mar 2014 20:50:13 UTC +00:00], ["name", nil], ["updated_at", Mon, 10 Mar 2014 20:50:13 UTC +00:00]]
  [1m[35m (17.3ms)[0m  commit transaction
  [1m[36mRole Load (0.2ms)[0m  [1mSELECT "roles".* FROM "roles" WHERE "roles"."name" = 'default' AND "roles"."resource_type" IS NULL AND "roles"."resource_id" IS NULL LIMIT 1[0m
  [1m[35mRole Exists (0.2ms)[0m  SELECT 1 AS one FROM "roles" INNER JOIN "users_roles" ON "roles"."id" = "users_roles"."role_id" WHERE "users_roles"."user_id" IS NULL AND "roles"."id" = 8 LIMIT 1
  [1m[36m (0.1ms)[0m  [1mSELECT "roles".id FROM "roles" INNER JOIN "users_roles" ON "roles"."id" = "users_roles"."role_id" WHERE "users_roles"."user_id" IS NULL[0m
  [1m[35mRole Load (0.1ms)[0m  SELECT "roles".* FROM "roles" WHERE "roles"."id" = ? LIMIT 1  [["id", 8]]
  Rendered devise/registrations/new.html.erb within layouts/application (15.8ms)
  Rendered layouts/_navigation.html.erb (0.9ms)
  Rendered layouts/_messages.html.erb (0.1ms)
Completed 200 OK in 169ms (Views: 141.2ms | ActiveRecord: 18.7ms)


Started GET "/users/sign_up?plan=default" for 38.88.149.154 at 2014-03-10 20:56:11 +0000
Processing by RegistrationsController#new as HTML
  Parameters: {"plan"=>"default"}
  [1m[36m (0.1ms)[0m  [1mbegin transaction[0m
  [1m[35mSQL (0.5ms)[0m  INSERT INTO "accounts" ("created_at", "name", "updated_at") VALUES (?, ?, ?)  [["created_at", Mon, 10 Mar 2014 20:56:11 UTC +00:00], ["name", nil], ["updated_at", Mon, 10 Mar 2014 20:56:11 UTC +00:00]]
  [1m[36m (25.7ms)[0m  [1mcommit transaction[0m
  [1m[35mRole Load (0.2ms)[0m  SELECT "roles".* FROM "roles" WHERE "roles"."name" = 'default' AND "roles"."resource_type" IS NULL AND "roles"."resource_id" IS NULL LIMIT 1
  [1m[36mRole Exists (0.2ms)[0m  [1mSELECT 1 AS one FROM "roles" INNER JOIN "users_roles" ON "roles"."id" = "users_roles"."role_id" WHERE "users_roles"."user_id" IS NULL AND "roles"."id" = 8 LIMIT 1[0m
  [1m[35m (0.1ms)[0m  SELECT "roles".id FROM "roles" INNER JOIN "users_roles" ON "roles"."id" = "users_roles"."role_id" WHERE "users_roles"."user_id" IS NULL
  [1m[36mRole Load (0.1ms)[0m  [1mSELECT "roles".* FROM "roles" WHERE "roles"."id" = ? LIMIT 1[0m  [["id", 8]]
  Rendered devise/registrations/new.html.erb within layouts/application (16.9ms)
  Rendered layouts/_navigation.html.erb (1.0ms)
  Rendered layouts/_messages.html.erb (0.1ms)
Completed 200 OK in 178ms (Views: 142.7ms | ActiveRecord: 27.0ms)
